403        9l       28w      280c http://admin.holo.live/.htpasswd
403        9l       28w      280c http://admin.holo.live/.htaccess
403        9l       28w      280c http://admin.holo.live/.htpasswd.php
403        9l       28w      280c http://admin.holo.live/.htaccess.php
403        9l       28w      280c http://admin.holo.live/.htpasswd.txt
403        9l       28w      280c http://admin.holo.live/.htaccess.txt
403        9l       28w      280c http://admin.holo.live/.htpasswd.css
403        9l       28w      280c http://admin.holo.live/.htpasswd.html
403        9l       28w      280c http://admin.holo.live/.htaccess.css
403        9l       28w      280c http://admin.holo.live/.htpasswd.js
403        9l       28w      280c http://admin.holo.live/.htaccess.html
403        9l       28w      280c http://admin.holo.live/.htaccess.js
301        9l       28w      319c http://admin.holo.live/assets
302        0l        0w        0c http://admin.holo.live/dashboard.php
200        0l        0w        0c http://admin.holo.live/db_connect.php
301        9l       28w      317c http://admin.holo.live/docs
301        9l       28w      321c http://admin.holo.live/examples
200       75l      158w     1845c http://admin.holo.live/index.php
301        9l       28w      323c http://admin.holo.live/javascript
200        4l        8w      135c http://admin.holo.live/robots.txt
403        9l       28w      280c http://admin.holo.live/server-status
