403        9l       28w      278c http://www.holo.live/.htaccess
403        9l       28w      278c http://www.holo.live/.htpasswd
301        0l        0w        0c http://www.holo.live/!
301        0l        0w        0c http://www.holo.live/0
301        0l        0w        0c http://www.holo.live/0/!
302        0l        0w        0c http://www.holo.live/admin
301        0l        0w        0c http://www.holo.live/0/asdfjkl;
301        0l        0w        0c http://www.holo.live/asdfjkl;
302        0l        0w        0c http://www.holo.live/dashboard
302        0l        0w        0c http://www.holo.live/favicon.ico
301        0l        0w        0c http://www.holo.live/0/fixed!
301        0l        0w        0c http://www.holo.live/fixed!
301        9l       28w      319c http://www.holo.live/javascript
403        9l       28w      278c http://www.holo.live/javascript/.htaccess
403        9l       28w      278c http://www.holo.live/javascript/.htpasswd
301        9l       28w      327c http://www.holo.live/javascript/cropper
403        9l       28w      278c http://www.holo.live/javascript/cropper/.htpasswd
403        9l       28w      278c http://www.holo.live/javascript/cropper/.htaccess
200      185l      518w     3825c http://www.holo.live/javascript/cropper/cropper
301        9l       28w      329c http://www.holo.live/javascript/prototype
301        9l       28w      333c http://www.holo.live/javascript/scriptaculous
403        9l       28w      278c http://www.holo.live/javascript/scriptaculous/.htaccess
403        9l       28w      278c http://www.holo.live/javascript/scriptaculous/.htpasswd
200      136l      496w     4744c http://www.holo.live/javascript/scriptaculous/builder
403        9l       28w      278c http://www.holo.live/javascript/prototype/.htaccess
403        9l       28w      278c http://www.holo.live/javascript/prototype/.htpasswd
200      965l     2973w    34787c http://www.holo.live/javascript/scriptaculous/controls
200     1123l     3351w    38471c http://www.holo.live/javascript/scriptaculous/effects
302        0l        0w        0c http://www.holo.live/login
200     7036l    18816w   180822c http://www.holo.live/javascript/scriptaculous/prototype
200       68l      342w     2931c http://www.holo.live/javascript/scriptaculous/scriptaculous
200      275l      856w    10162c http://www.holo.live/javascript/scriptaculous/slider
200       59l      209w     2456c http://www.holo.live/javascript/scriptaculous/sound
200     7036l    18816w   180822c http://www.holo.live/javascript/prototype/prototype
200       22l       44w      913c http://www.holo.live/robots.txt
403        9l       28w      278c http://www.holo.live/server-status
301        9l       28w      316c http://www.holo.live/upgrade
301        0l        0w        0c http://www.holo.live/upgrade/!
403        9l       28w      278c http://www.holo.live/upgrade/.htaccess
403        9l       28w      278c http://www.holo.live/upgrade/.htpasswd
301        9l       28w      320c http://www.holo.live/wp-includes
403        9l       28w      278c http://www.holo.live/wp-login
301        0l        0w        0c http://www.holo.live/upgrade/asdfjkl;
301        9l       28w      327c http://www.holo.live/wp-includes/assets
403        9l       28w      278c http://www.holo.live/wp-includes/assets/.htaccess
403        9l       28w      278c http://www.holo.live/wp-includes/assets/.htpasswd
301        0l        0w        0c http://www.holo.live/wp-includes/assets/!
