403        9l       28w      280c http://admin.holo.live/.htaccess
403        9l       28w      280c http://admin.holo.live/.htpasswd
301        9l       28w      319c http://admin.holo.live/assets
403        9l       28w      280c http://admin.holo.live/assets/.htpasswd
403        9l       28w      280c http://admin.holo.live/assets/.htaccess
301        9l       28w      317c http://admin.holo.live/docs
301        9l       28w      321c http://admin.holo.live/examples
403        9l       28w      280c http://admin.holo.live/examples/.htpasswd
403        9l       28w      280c http://admin.holo.live/examples/.htaccess
403        9l       28w      280c http://admin.holo.live/docs/.htpasswd
403        9l       28w      280c http://admin.holo.live/docs/.htaccess
301        9l       28w      323c http://admin.holo.live/assets/css
301        9l       28w      324c http://admin.holo.live/assets/demo
403        9l       28w      280c http://admin.holo.live/assets/demo/.htpasswd
301        9l       28w      323c http://admin.holo.live/javascript
403        9l       28w      280c http://admin.holo.live/javascript/.htaccess
403        9l       28w      280c http://admin.holo.live/javascript/.htpasswd
403        9l       28w      280c http://admin.holo.live/assets/css/.htpasswd
403        9l       28w      280c http://admin.holo.live/assets/demo/.htaccess
301        9l       28w      323c http://admin.holo.live/assets/img
403        9l       28w      280c http://admin.holo.live/assets/css/.htaccess
301        9l       28w      322c http://admin.holo.live/assets/js
301        9l       28w      331c http://admin.holo.live/javascript/cropper
200        4l        8w      135c http://admin.holo.live/robots.txt
403        9l       28w      280c http://admin.holo.live/server-status
403        9l       28w      280c http://admin.holo.live/assets/js/.htaccess
403        9l       28w      280c http://admin.holo.live/assets/js/.htpasswd
403        9l       28w      280c http://admin.holo.live/javascript/cropper/.htaccess
403        9l       28w      280c http://admin.holo.live/javascript/cropper/.htpasswd
403        9l       28w      280c http://admin.holo.live/assets/img/.htaccess
403        9l       28w      280c http://admin.holo.live/assets/img/.htpasswd
200      185l      518w     3825c http://admin.holo.live/javascript/cropper/cropper
301        9l       28w      327c http://admin.holo.live/assets/js/core
403        9l       28w      280c http://admin.holo.live/assets/js/core/.htpasswd
403        9l       28w      280c http://admin.holo.live/assets/js/core/.htaccess
301        9l       28w      333c http://admin.holo.live/javascript/prototype
301        9l       28w      332c http://admin.holo.live/assets/css/partials
403        9l       28w      280c http://admin.holo.live/assets/css/partials/.htpasswd
301        9l       28w      337c http://admin.holo.live/javascript/scriptaculous
301        9l       28w      329c http://admin.holo.live/assets/img/faces
403        9l       28w      280c http://admin.holo.live/assets/css/partials/.htaccess
301        9l       28w      328c http://admin.holo.live/assets/css/test
403        9l       28w      280c http://admin.holo.live/javascript/scriptaculous/.htaccess
403        9l       28w      280c http://admin.holo.live/javascript/scriptaculous/.htpasswd
301        9l       28w      342c http://admin.holo.live/assets/css/partials/dashboard
301        9l       28w      330c http://admin.holo.live/assets/js/plugins
403        9l       28w      280c http://admin.holo.live/assets/js/plugins/.htpasswd
403        9l       28w      280c http://admin.holo.live/assets/js/plugins/.htaccess
403        9l       28w      280c http://admin.holo.live/javascript/prototype/.htaccess
403        9l       28w      280c http://admin.holo.live/javascript/prototype/.htpasswd
403        9l       28w      280c http://admin.holo.live/assets/css/test/.htpasswd
403        9l       28w      280c http://admin.holo.live/assets/css/test/.htaccess
301        9l       28w      336c http://admin.holo.live/assets/css/partials/kit
200      136l      496w     4744c http://admin.holo.live/javascript/scriptaculous/builder
200      965l     2973w    34787c http://admin.holo.live/javascript/scriptaculous/controls
200     1123l     3351w    38471c http://admin.holo.live/javascript/scriptaculous/effects
200     7036l    18816w   180822c http://admin.holo.live/javascript/prototype/prototype
200     7036l    18816w   180822c http://admin.holo.live/javascript/scriptaculous/prototype
200       68l      342w     2931c http://admin.holo.live/javascript/scriptaculous/scriptaculous
200      275l      856w    10162c http://admin.holo.live/javascript/scriptaculous/slider
200       59l      209w     2456c http://admin.holo.live/javascript/scriptaculous/sound
