[V] Dependent program "nmblookup" found in /usr/bin/nmblookup
[V] Dependent program "net" found in /usr/bin/net
[V] Dependent program "rpcclient" found in /usr/bin/rpcclient
[V] Dependent program "smbclient" found in /usr/bin/smbclient
WARNING: polenum.py is not in your path.  Check that package is installed and your PATH is sane.
WARNING: ldapsearch is not in your path.  Check that package is installed and your PATH is sane.
Starting enum4linux v0.8.9 ( http://labs.portcullis.co.uk/application/enum4linux/ ) on Fri Oct 29 12:44:37 2021

 ========================== 
|    Target Information    |
 ========================== 
Target ........... 10.10.242.111
RID Range ........ 500-550,1000-1050
Username ......... ''
Password ......... ''
Known Usernames .. administrator, guest, krbtgt, domain admins, root, bin, none


 ===================================================== 
|    Enumerating Workgroup/Domain on 10.10.242.111    |
 ===================================================== 
[V] Attempting to get domain name with command: nmblookup -A '10.10.242.111'
[+] Got domain/workgroup name: WORKGROUP

 ============================================= 
|    Nbtstat Information for 10.10.242.111    |
 ============================================= 
Looking up status of 10.10.242.111
	POLOSMB         <00> -         B <ACTIVE>  Workstation Service
	POLOSMB         <03> -         B <ACTIVE>  Messenger Service
	POLOSMB         <20> -         B <ACTIVE>  File Server Service
	..__MSBROWSE__. <01> - <GROUP> B <ACTIVE>  Master Browser
	WORKGROUP       <00> - <GROUP> B <ACTIVE>  Domain/Workgroup Name
	WORKGROUP       <1d> -         B <ACTIVE>  Master Browser
	WORKGROUP       <1e> - <GROUP> B <ACTIVE>  Browser Service Elections

	MAC Address = 00-00-00-00-00-00

 ====================================== 
|    Session Check on 10.10.242.111    |
 ====================================== 
[V] Attempting to make null session using command: smbclient -W 'WORKGROUP' //'10.10.242.111'/ipc$ -U''%'' -c 'help' 2>&1
[+] Server 10.10.242.111 allows sessions using username '', password ''

 ============================================ 
|    Getting domain SID for 10.10.242.111    |
 ============================================ 
[V] Attempting to get domain SID with command: rpcclient -W 'WORKGROUP' -U''%'' 10.10.242.111 -c 'lsaquery' 2>&1
Domain Name: WORKGROUP
Domain Sid: (NULL SID)
[+] Can't determine if host is part of domain or part of a workgroup

 ======================================= 
|    OS information on 10.10.242.111    |
 ======================================= 
[V] Attempting to get OS info with command: smbclient -W 'WORKGROUP' //'10.10.242.111'/ipc$ -U''%'' -c 'q' 2>&1
[+] Got OS info for 10.10.242.111 from smbclient: 
[V] Attempting to get OS info with command: rpcclient -W 'WORKGROUP' -U''%'' -c 'srvinfo' '10.10.242.111' 2>&1
[+] Got OS info for 10.10.242.111 from srvinfo:
	POLOSMB        Wk Sv PrQ Unx NT SNT polosmb server (Samba, Ubuntu)
	platform_id     :	500
	os version      :	6.1
	server type     :	0x809a03

 ============================== 
|    Users on 10.10.242.111    |
 ============================== 
[V] Attempting to get userlist with command: rpcclient -W 'WORKGROUP' -c querydispinfo -U''%'' '10.10.242.111' 2>&1

[V] Attempting to get userlist with command: rpcclient -W 'WORKGROUP' -c enumdomusers -U''%'' '10.10.242.111' 2>&1

 ========================================== 
|    Share Enumeration on 10.10.242.111    |
 ========================================== 
[V] Attempting to get share list using authentication
WARNING: The "syslog" option is deprecated

	Sharename       Type      Comment
	---------       ----      -------
	netlogon        Disk      Network Logon Service
	profiles        Disk      Users profiles
	print$          Disk      Printer Drivers
	IPC$            IPC       IPC Service (polosmb server (Samba, Ubuntu))
Reconnecting with SMB1 for workgroup listing.

	Server               Comment
	---------            -------

	Workgroup            Master
	---------            -------
	WORKGROUP            POLOSMB

[+] Attempting to map shares on 10.10.242.111
[V] Attempting map to share //10.10.242.111/netlogon with command: smbclient -W 'WORKGROUP' //'10.10.242.111'/'netlogon' -U''%'' -c dir 2>&1
//10.10.242.111/netlogon	[E] Can't understand response:
WARNING: The "syslog" option is deprecated
tree connect failed: NT_STATUS_BAD_NETWORK_NAME
[V] Attempting map to share //10.10.242.111/profiles with command: smbclient -W 'WORKGROUP' //'10.10.242.111'/'profiles' -U''%'' -c dir 2>&1
//10.10.242.111/profiles	Mapping: OK, Listing: OK
[V] Attempting map to share //10.10.242.111/print$ with command: smbclient -W 'WORKGROUP' //'10.10.242.111'/'print$' -U''%'' -c dir 2>&1
//10.10.242.111/print$	Mapping: DENIED, Listing: N/A
[V] Attempting map to share //10.10.242.111/IPC$ with command: smbclient -W 'WORKGROUP' //'10.10.242.111'/'IPC$' -U''%'' -c dir 2>&1
//10.10.242.111/IPC$	[E] Can't understand response:
WARNING: The "syslog" option is deprecated
NT_STATUS_OBJECT_NAME_NOT_FOUND listing \*

 ===================================================== 
|    Password Policy Information for 10.10.242.111    |
 ===================================================== 
[E] Dependent program "polenum.py" not present.  Skipping this check.  Download polenum from http://labs.portcullis.co.uk/application/polenum/


 =============================== 
|    Groups on 10.10.242.111    |
 =============================== 
[V] Getting builtin groups with command: rpcclient -W 'WORKGROUP' -U''%'' '10.10.242.111' -c 'enumalsgroups builtin' 2>&1

[+] Getting builtin groups:

[+] Getting builtin group memberships:
[V] Getting local groups with command: rpcclient -W 'WORKGROUP' -U''%'' '10.10.242.111' -c 'enumalsgroups domain' 2>&1

[+] Getting local groups:

[+] Getting local group memberships:
[V] Getting domain groups with command: rpcclient -W 'WORKGROUP' -U''%'' '10.10.242.111' -c "enumdomgroups" 2>&1

[+] Getting domain groups:

[+] Getting domain group memberships:

 ======================================================================== 
|    Users on 10.10.242.111 via RID cycling (RIDS: 500-550,1000-1050)    |
 ======================================================================== 
[V] Attempting to get SID from 10.10.242.111 with command: rpcclient -W 'WORKGROUP' -U''%'' '10.10.242.111' -c 'lookupnames administrator' 2>&1
[V] Assuming that user "administrator" exists
[V] User "administrator" doesn't exist.  User enumeration should be possible, but SID needed...
[V] Attempting to get SID from 10.10.242.111 with command: rpcclient -W 'WORKGROUP' -U''%'' '10.10.242.111' -c 'lookupnames guest' 2>&1
[V] Assuming that user "guest" exists
[V] User "guest" doesn't exist.  User enumeration should be possible, but SID needed...
[V] Attempting to get SID from 10.10.242.111 with command: rpcclient -W 'WORKGROUP' -U''%'' '10.10.242.111' -c 'lookupnames krbtgt' 2>&1
[V] Assuming that user "krbtgt" exists
[V] User "krbtgt" doesn't exist.  User enumeration should be possible, but SID needed...
[V] Attempting to get SID from 10.10.242.111 with command: rpcclient -W 'WORKGROUP' -U''%'' '10.10.242.111' -c 'lookupnames domain admins' 2>&1
[V] Assuming that user "domain admins" exists
[V] User "domain admins" doesn't exist.  User enumeration should be possible, but SID needed...
[V] Attempting to get SID from 10.10.242.111 with command: rpcclient -W 'WORKGROUP' -U''%'' '10.10.242.111' -c 'lookupnames root' 2>&1
[V] Assuming that user "root" exists
[I] Found new SID: S-1-22-1
[V] Attempting to get SID from 10.10.242.111 with command: rpcclient -W 'WORKGROUP' -U''%'' '10.10.242.111' -c 'lookupnames bin' 2>&1
[V] Assuming that user "bin" exists
[V] Attempting to get SID from 10.10.242.111 with command: rpcclient -W 'WORKGROUP' -U''%'' '10.10.242.111' -c 'lookupnames none' 2>&1
[V] Assuming that user "none" exists
[I] Found new SID: S-1-5-21-434125608-3964652802-3194254534
[V] Attempting to get SIDs from 10.10.242.111 with command: rpcclient -W 'WORKGROUP' -U''%'' '10.10.242.111' -c lsaenumsid 2>&1
[V] Processing SID S-1-5-32-550
[I] Found new SID: S-1-5-32
[V] Processing SID S-1-5-32-548
[V] Processing SID S-1-5-32-551
[V] Processing SID S-1-5-32-549
[V] Processing SID S-1-5-32-544
[V] Processing SID S-1-1-0
[+] Enumerating users using SID S-1-22-1 and logon username '', password ''
S-1-22-1-1000 Unix User\cactus (Local User)
[+] Enumerating users using SID S-1-5-32 and logon username '', password ''
S-1-5-32-500 *unknown*\*unknown* (8)
S-1-5-32-501 *unknown*\*unknown* (8)
S-1-5-32-502 *unknown*\*unknown* (8)
S-1-5-32-503 *unknown*\*unknown* (8)
S-1-5-32-504 *unknown*\*unknown* (8)
S-1-5-32-505 *unknown*\*unknown* (8)
S-1-5-32-506 *unknown*\*unknown* (8)
S-1-5-32-507 *unknown*\*unknown* (8)
S-1-5-32-508 *unknown*\*unknown* (8)
S-1-5-32-509 *unknown*\*unknown* (8)
S-1-5-32-510 *unknown*\*unknown* (8)
S-1-5-32-511 *unknown*\*unknown* (8)
S-1-5-32-512 *unknown*\*unknown* (8)
S-1-5-32-513 *unknown*\*unknown* (8)
S-1-5-32-514 *unknown*\*unknown* (8)
S-1-5-32-515 *unknown*\*unknown* (8)
S-1-5-32-516 *unknown*\*unknown* (8)
S-1-5-32-517 *unknown*\*unknown* (8)
S-1-5-32-518 *unknown*\*unknown* (8)
S-1-5-32-519 *unknown*\*unknown* (8)
S-1-5-32-520 *unknown*\*unknown* (8)
S-1-5-32-521 *unknown*\*unknown* (8)
S-1-5-32-522 *unknown*\*unknown* (8)
S-1-5-32-523 *unknown*\*unknown* (8)
S-1-5-32-524 *unknown*\*unknown* (8)
S-1-5-32-525 *unknown*\*unknown* (8)
S-1-5-32-526 *unknown*\*unknown* (8)
S-1-5-32-527 *unknown*\*unknown* (8)
S-1-5-32-528 *unknown*\*unknown* (8)
S-1-5-32-529 *unknown*\*unknown* (8)
S-1-5-32-530 *unknown*\*unknown* (8)
S-1-5-32-531 *unknown*\*unknown* (8)
S-1-5-32-532 *unknown*\*unknown* (8)
S-1-5-32-533 *unknown*\*unknown* (8)
S-1-5-32-534 *unknown*\*unknown* (8)
S-1-5-32-535 *unknown*\*unknown* (8)
S-1-5-32-536 *unknown*\*unknown* (8)
S-1-5-32-537 *unknown*\*unknown* (8)
S-1-5-32-538 *unknown*\*unknown* (8)
S-1-5-32-539 *unknown*\*unknown* (8)
S-1-5-32-540 *unknown*\*unknown* (8)
S-1-5-32-541 *unknown*\*unknown* (8)
S-1-5-32-542 *unknown*\*unknown* (8)
S-1-5-32-543 *unknown*\*unknown* (8)
S-1-5-32-544 BUILTIN\Administrators (Local Group)
S-1-5-32-545 BUILTIN\Users (Local Group)
S-1-5-32-546 BUILTIN\Guests (Local Group)
S-1-5-32-547 BUILTIN\Power Users (Local Group)
S-1-5-32-548 BUILTIN\Account Operators (Local Group)
S-1-5-32-549 BUILTIN\Server Operators (Local Group)
S-1-5-32-550 BUILTIN\Print Operators (Local Group)
S-1-5-32-1000 *unknown*\*unknown* (8)
S-1-5-32-1001 *unknown*\*unknown* (8)
S-1-5-32-1002 *unknown*\*unknown* (8)
S-1-5-32-1003 *unknown*\*unknown* (8)
S-1-5-32-1004 *unknown*\*unknown* (8)
S-1-5-32-1005 *unknown*\*unknown* (8)
S-1-5-32-1006 *unknown*\*unknown* (8)
S-1-5-32-1007 *unknown*\*unknown* (8)
S-1-5-32-1008 *unknown*\*unknown* (8)
S-1-5-32-1009 *unknown*\*unknown* (8)
S-1-5-32-1010 *unknown*\*unknown* (8)
S-1-5-32-1011 *unknown*\*unknown* (8)
S-1-5-32-1012 *unknown*\*unknown* (8)
S-1-5-32-1013 *unknown*\*unknown* (8)
S-1-5-32-1014 *unknown*\*unknown* (8)
S-1-5-32-1015 *unknown*\*unknown* (8)
S-1-5-32-1016 *unknown*\*unknown* (8)
S-1-5-32-1017 *unknown*\*unknown* (8)
S-1-5-32-1018 *unknown*\*unknown* (8)
S-1-5-32-1019 *unknown*\*unknown* (8)
S-1-5-32-1020 *unknown*\*unknown* (8)
S-1-5-32-1021 *unknown*\*unknown* (8)
S-1-5-32-1022 *unknown*\*unknown* (8)
S-1-5-32-1023 *unknown*\*unknown* (8)
S-1-5-32-1024 *unknown*\*unknown* (8)
S-1-5-32-1025 *unknown*\*unknown* (8)
S-1-5-32-1026 *unknown*\*unknown* (8)
S-1-5-32-1027 *unknown*\*unknown* (8)
S-1-5-32-1028 *unknown*\*unknown* (8)
S-1-5-32-1029 *unknown*\*unknown* (8)
S-1-5-32-1030 *unknown*\*unknown* (8)
S-1-5-32-1031 *unknown*\*unknown* (8)
S-1-5-32-1032 *unknown*\*unknown* (8)
S-1-5-32-1033 *unknown*\*unknown* (8)
S-1-5-32-1034 *unknown*\*unknown* (8)
S-1-5-32-1035 *unknown*\*unknown* (8)
S-1-5-32-1036 *unknown*\*unknown* (8)
S-1-5-32-1037 *unknown*\*unknown* (8)
S-1-5-32-1038 *unknown*\*unknown* (8)
S-1-5-32-1039 *unknown*\*unknown* (8)
S-1-5-32-1040 *unknown*\*unknown* (8)
S-1-5-32-1041 *unknown*\*unknown* (8)
S-1-5-32-1042 *unknown*\*unknown* (8)
S-1-5-32-1043 *unknown*\*unknown* (8)
S-1-5-32-1044 *unknown*\*unknown* (8)
S-1-5-32-1045 *unknown*\*unknown* (8)
S-1-5-32-1046 *unknown*\*unknown* (8)
S-1-5-32-1047 *unknown*\*unknown* (8)
S-1-5-32-1048 *unknown*\*unknown* (8)
S-1-5-32-1049 *unknown*\*unknown* (8)
S-1-5-32-1050 *unknown*\*unknown* (8)
[+] Enumerating users using SID S-1-5-21-434125608-3964652802-3194254534 and logon username '', password ''
S-1-5-21-434125608-3964652802-3194254534-500 *unknown*\*unknown* (8)
S-1-5-21-434125608-3964652802-3194254534-501 POLOSMB\nobody (Local User)
S-1-5-21-434125608-3964652802-3194254534-502 *unknown*\*unknown* (8)
S-1-5-21-434125608-3964652802-3194254534-503 *unknown*\*unknown* (8)
S-1-5-21-434125608-3964652802-3194254534-504 *unknown*\*unknown* (8)
S-1-5-21-434125608-3964652802-3194254534-505 *unknown*\*unknown* (8)
S-1-5-21-434125608-3964652802-3194254534-506 *unknown*\*unknown* (8)
S-1-5-21-434125608-3964652802-3194254534-507 *unknown*\*unknown* (8)
S-1-5-21-434125608-3964652802-3194254534-508 *unknown*\*unknown* (8)
S-1-5-21-434125608-3964652802-3194254534-509 *unknown*\*unknown* (8)
S-1-5-21-434125608-3964652802-3194254534-510 *unknown*\*unknown* (8)
S-1-5-21-434125608-3964652802-3194254534-511 *unknown*\*unknown* (8)
S-1-5-21-434125608-3964652802-3194254534-512 *unknown*\*unknown* (8)
S-1-5-21-434125608-3964652802-3194254534-513 POLOSMB\None (Domain Group)
S-1-5-21-434125608-3964652802-3194254534-514 *unknown*\*unknown* (8)
S-1-5-21-434125608-3964652802-3194254534-515 *unknown*\*unknown* (8)
S-1-5-21-434125608-3964652802-3194254534-516 *unknown*\*unknown* (8)
S-1-5-21-434125608-3964652802-3194254534-517 *unknown*\*unknown* (8)
S-1-5-21-434125608-3964652802-3194254534-518 *unknown*\*unknown* (8)
S-1-5-21-434125608-3964652802-3194254534-519 *unknown*\*unknown* (8)
S-1-5-21-434125608-3964652802-3194254534-520 *unknown*\*unknown* (8)
S-1-5-21-434125608-3964652802-3194254534-521 *unknown*\*unknown* (8)
S-1-5-21-434125608-3964652802-3194254534-522 *unknown*\*unknown* (8)
S-1-5-21-434125608-3964652802-3194254534-523 *unknown*\*unknown* (8)
S-1-5-21-434125608-3964652802-3194254534-524 *unknown*\*unknown* (8)
S-1-5-21-434125608-3964652802-3194254534-525 *unknown*\*unknown* (8)
S-1-5-21-434125608-3964652802-3194254534-526 *unknown*\*unknown* (8)
S-1-5-21-434125608-3964652802-3194254534-527 *unknown*\*unknown* (8)
S-1-5-21-434125608-3964652802-3194254534-528 *unknown*\*unknown* (8)
S-1-5-21-434125608-3964652802-3194254534-529 *unknown*\*unknown* (8)
S-1-5-21-434125608-3964652802-3194254534-530 *unknown*\*unknown* (8)
S-1-5-21-434125608-3964652802-3194254534-531 *unknown*\*unknown* (8)
S-1-5-21-434125608-3964652802-3194254534-532 *unknown*\*unknown* (8)
S-1-5-21-434125608-3964652802-3194254534-533 *unknown*\*unknown* (8)
S-1-5-21-434125608-3964652802-3194254534-534 *unknown*\*unknown* (8)
S-1-5-21-434125608-3964652802-3194254534-535 *unknown*\*unknown* (8)
S-1-5-21-434125608-3964652802-3194254534-536 *unknown*\*unknown* (8)
S-1-5-21-434125608-3964652802-3194254534-537 *unknown*\*unknown* (8)
S-1-5-21-434125608-3964652802-3194254534-538 *unknown*\*unknown* (8)
S-1-5-21-434125608-3964652802-3194254534-539 *unknown*\*unknown* (8)
S-1-5-21-434125608-3964652802-3194254534-540 *unknown*\*unknown* (8)
S-1-5-21-434125608-3964652802-3194254534-541 *unknown*\*unknown* (8)
S-1-5-21-434125608-3964652802-3194254534-542 *unknown*\*unknown* (8)
S-1-5-21-434125608-3964652802-3194254534-543 *unknown*\*unknown* (8)
S-1-5-21-434125608-3964652802-3194254534-544 *unknown*\*unknown* (8)
S-1-5-21-434125608-3964652802-3194254534-545 *unknown*\*unknown* (8)
S-1-5-21-434125608-3964652802-3194254534-546 *unknown*\*unknown* (8)
S-1-5-21-434125608-3964652802-3194254534-547 *unknown*\*unknown* (8)
S-1-5-21-434125608-3964652802-3194254534-548 *unknown*\*unknown* (8)
S-1-5-21-434125608-3964652802-3194254534-549 *unknown*\*unknown* (8)
S-1-5-21-434125608-3964652802-3194254534-550 *unknown*\*unknown* (8)
S-1-5-21-434125608-3964652802-3194254534-1000 *unknown*\*unknown* (8)
S-1-5-21-434125608-3964652802-3194254534-1001 *unknown*\*unknown* (8)
S-1-5-21-434125608-3964652802-3194254534-1002 *unknown*\*unknown* (8)
S-1-5-21-434125608-3964652802-3194254534-1003 *unknown*\*unknown* (8)
S-1-5-21-434125608-3964652802-3194254534-1004 *unknown*\*unknown* (8)
S-1-5-21-434125608-3964652802-3194254534-1005 *unknown*\*unknown* (8)
S-1-5-21-434125608-3964652802-3194254534-1006 *unknown*\*unknown* (8)
S-1-5-21-434125608-3964652802-3194254534-1007 *unknown*\*unknown* (8)
S-1-5-21-434125608-3964652802-3194254534-1008 *unknown*\*unknown* (8)
S-1-5-21-434125608-3964652802-3194254534-1009 *unknown*\*unknown* (8)
S-1-5-21-434125608-3964652802-3194254534-1010 *unknown*\*unknown* (8)
S-1-5-21-434125608-3964652802-3194254534-1011 *unknown*\*unknown* (8)
S-1-5-21-434125608-3964652802-3194254534-1012 *unknown*\*unknown* (8)
S-1-5-21-434125608-3964652802-3194254534-1013 *unknown*\*unknown* (8)
S-1-5-21-434125608-3964652802-3194254534-1014 *unknown*\*unknown* (8)
S-1-5-21-434125608-3964652802-3194254534-1015 *unknown*\*unknown* (8)
S-1-5-21-434125608-3964652802-3194254534-1016 *unknown*\*unknown* (8)
S-1-5-21-434125608-3964652802-3194254534-1017 *unknown*\*unknown* (8)
S-1-5-21-434125608-3964652802-3194254534-1018 *unknown*\*unknown* (8)
S-1-5-21-434125608-3964652802-3194254534-1019 *unknown*\*unknown* (8)
S-1-5-21-434125608-3964652802-3194254534-1020 *unknown*\*unknown* (8)
S-1-5-21-434125608-3964652802-3194254534-1021 *unknown*\*unknown* (8)
S-1-5-21-434125608-3964652802-3194254534-1022 *unknown*\*unknown* (8)
S-1-5-21-434125608-3964652802-3194254534-1023 *unknown*\*unknown* (8)
S-1-5-21-434125608-3964652802-3194254534-1024 *unknown*\*unknown* (8)
S-1-5-21-434125608-3964652802-3194254534-1025 *unknown*\*unknown* (8)
S-1-5-21-434125608-3964652802-3194254534-1026 *unknown*\*unknown* (8)
S-1-5-21-434125608-3964652802-3194254534-1027 *unknown*\*unknown* (8)
S-1-5-21-434125608-3964652802-3194254534-1028 *unknown*\*unknown* (8)
S-1-5-21-434125608-3964652802-3194254534-1029 *unknown*\*unknown* (8)
S-1-5-21-434125608-3964652802-3194254534-1030 *unknown*\*unknown* (8)
S-1-5-21-434125608-3964652802-3194254534-1031 *unknown*\*unknown* (8)
S-1-5-21-434125608-3964652802-3194254534-1032 *unknown*\*unknown* (8)
S-1-5-21-434125608-3964652802-3194254534-1033 *unknown*\*unknown* (8)
S-1-5-21-434125608-3964652802-3194254534-1034 *unknown*\*unknown* (8)
S-1-5-21-434125608-3964652802-3194254534-1035 *unknown*\*unknown* (8)
S-1-5-21-434125608-3964652802-3194254534-1036 *unknown*\*unknown* (8)
S-1-5-21-434125608-3964652802-3194254534-1037 *unknown*\*unknown* (8)
S-1-5-21-434125608-3964652802-3194254534-1038 *unknown*\*unknown* (8)
S-1-5-21-434125608-3964652802-3194254534-1039 *unknown*\*unknown* (8)
S-1-5-21-434125608-3964652802-3194254534-1040 *unknown*\*unknown* (8)
S-1-5-21-434125608-3964652802-3194254534-1041 *unknown*\*unknown* (8)
S-1-5-21-434125608-3964652802-3194254534-1042 *unknown*\*unknown* (8)
S-1-5-21-434125608-3964652802-3194254534-1043 *unknown*\*unknown* (8)
S-1-5-21-434125608-3964652802-3194254534-1044 *unknown*\*unknown* (8)
S-1-5-21-434125608-3964652802-3194254534-1045 *unknown*\*unknown* (8)
S-1-5-21-434125608-3964652802-3194254534-1046 *unknown*\*unknown* (8)
S-1-5-21-434125608-3964652802-3194254534-1047 *unknown*\*unknown* (8)
S-1-5-21-434125608-3964652802-3194254534-1048 *unknown*\*unknown* (8)
S-1-5-21-434125608-3964652802-3194254534-1049 *unknown*\*unknown* (8)
S-1-5-21-434125608-3964652802-3194254534-1050 *unknown*\*unknown* (8)

 ============================================== 
|    Getting printer info for 10.10.242.111    |
 ============================================== 
[V] Attempting to get printer info with command: rpcclient -W 'WORKGROUP' -U''%'' -c 'enumprinters' '10.10.242.111' 2>&1
No printers returned.


enum4linux complete on Fri Oct 29 12:44:53 2021

